<?xml version="1.0" encoding="UTF-8"?>
<testng-results ignored="0" total="1" passed="1" failed="0" skipped="0">
  <reporter-output>
  </reporter-output>
  <suite started-at="2025-11-14T14:46:50 IST" name="Default suite" finished-at="2025-11-14T14:46:53 IST" duration-ms="3268">
    <groups>
    </groups>
    <test started-at="2025-11-14T14:46:50 IST" name="Default test" finished-at="2025-11-14T14:46:53 IST" duration-ms="3268">
      <class name="GitHubPck.GitHubClass">
        <test-method is-config="true" signature="tearUp()[pri:0, instance:GitHubPck.GitHubClass@229c6181]" started-at="2025-11-14T14:46:50 IST" name="tearUp" finished-at="2025-11-14T14:46:52 IST" duration-ms="2210" status="PASS">
          <reporter-output>
          </reporter-output>
        </test-method> <!-- tearUp -->
        <test-method signature="oepnApp()[pri:0, instance:GitHubPck.GitHubClass@229c6181]" started-at="2025-11-14T14:46:52 IST" name="oepnApp" finished-at="2025-11-14T14:46:53 IST" duration-ms="831" status="PASS">
          <reporter-output>
          </reporter-output>
        </test-method> <!-- oepnApp -->
        <test-method is-config="true" signature="tearDown()[pri:0, instance:GitHubPck.GitHubClass@229c6181]" started-at="2025-11-14T14:46:53 IST" name="tearDown" finished-at="2025-11-14T14:46:53 IST" duration-ms="179" status="PASS">
          <reporter-output>
          </reporter-output>
        </test-method> <!-- tearDown -->
      </class> <!-- GitHubPck.GitHubClass -->
    </test> <!-- Default test -->
  </suite> <!-- Default suite -->
</testng-results>
